<?xml version="1.0" encoding="UTF-8"?>
<Site BuildName="Linux-g++-9"
	BuildStamp="20210104-1812-Experimental"
	Name="ws-b7126ff6-b329-4484-a3fc-a43dd73f7092"
	Generator="ctest-3.19.1"
	CompilerName="/bin/g++-9"
	CompilerVersion="9.3.0"
	OSName="Linux"
	Hostname="ws-b7126ff6-b329-4484-a3fc-a43dd73f7092"
	OSRelease="5.4.0-1024-gcp"
	OSVersion="#24~18.04.1-Ubuntu SMP Sun Sep 6 03:37:03 UTC 2020"
	OSPlatform="x86_64"
	Is64Bits="1"
	VendorString="GenuineIntel"
	VendorID="Intel Corporation"
	FamilyID="6"
	ModelID="85"
	ProcessorCacheSize="33792"
	NumberOfLogicalCPU="16"
	NumberOfPhysicalCPU="8"
	TotalVirtualMemory="0"
	TotalPhysicalMemory="64322"
	LogicalProcessorsPerPhysical="2"
	ProcessorClockFrequency="2800.19"
	>
	<Testing>
		<StartDateTime>Jan 04 18:12 UTC</StartDateTime>
		<StartTestTime>1609783938</StartTestTime>
		<TestList/>
		<EndDateTime>Jan 04 18:12 UTC</EndDateTime>
		<EndTestTime>1609783938</EndTestTime>
		<ElapsedMinutes>0</ElapsedMinutes>
	</Testing>
</Site>
